#
# There is insufficient memory for the Java Runtime Environment to continue.
# Native memory allocation (mmap) failed to map 2097152 bytes. Error detail: G1 virtual space
# Possible reasons:
#   The system is out of physical RAM or swap space
#   This process is running with CompressedOops enabled, and the Java Heap may be blocking the growth of the native heap
# Possible solutions:
#   Reduce memory load on the system
#   Increase physical memory or swap space
#   Check if swap backing store is full
#   Decrease Java heap size (-Xmx/-Xms)
#   Decrease number of Java threads
#   Decrease Java thread stack sizes (-Xss)
#   Set larger code cache with -XX:ReservedCodeCacheSize=
#   JVM is running with Unscaled Compressed Oops mode in which the Java heap is
#     placed in the first 4GB address space. The Java Heap base address is the
#     maximum limit for the native heap growth. Please use -XX:HeapBaseMinAddress
#     to set the Java Heap base and to place the Java Heap above 4GB virtual address.
# This output file may be truncated or incomplete.
#
#  Out of Memory Error (os_windows.cpp:3828), pid=15124, tid=15904
#
# JRE version: OpenJDK Runtime Environment (21.0.4) (build 21.0.4+-12508038-b607.1)
# Java VM: OpenJDK 64-Bit Server VM (21.0.4+-12508038-b607.1, mixed mode, tiered, compressed oops, compressed class ptrs, g1 gc, windows-amd64)
# No core dump will be written. Minidumps are not enabled by default on client versions of Windows
#

---------------  S U M M A R Y ------------

Command Line: -Dapplication.home=C:\Program Files\Android\Android Studio\jbr --add-modules=ALL-DEFAULT -Xms8m -Djdk.module.main=jdk.compiler jdk.compiler/com.sun.tools.javac.Main --system=none --patch-module=java.base=C:\Users\ASUS\AppData\Local\Android\Sdk\platforms\android-35\core-for-system-modules.jar -d C:\Users\ASUS\Downloads\gradle-8.10.2-bin\gradle-8.10.2\caches\8.10.2\transforms\c9ab309d9fbcfe30ec65a707881cfcb9-02b35415-dd33-48bc-9bae-ee5e90e8167b\transformed\output\temp C:\Users\ASUS\Downloads\gradle-8.10.2-bin\gradle-8.10.2\caches\8.10.2\transforms\c9ab309d9fbcfe30ec65a707881cfcb9-02b35415-dd33-48bc-9bae-ee5e90e8167b\transformed\output\temp\module-info.java

Host: AMD Ryzen 3 7320U with Radeon Graphics         , 8 cores, 7G,  Windows 11 , 64 bit Build 22621 (10.0.22621.4830)
Time: Tue Feb  4 22:18:22 2025 Myanmar Standard Time elapsed time: 0.452625 seconds (0d 0h 0m 0s)

---------------  T H R E A D  ---------------

Current thread (0x000001d5e707fd30):  VMThread "VM Thread"          [id=15904, stack(0x0000005424d00000,0x0000005424e00000) (1024K)]

Stack: [0x0000005424d00000,0x0000005424e00000]
Native frames: (J=compiled Java code, j=interpreted, Vv=VM code, C=native code)
V  [jvm.dll+0x6ce539]
V  [jvm.dll+0x85bf03]
V  [jvm.dll+0x85e45e]
V  [jvm.dll+0x85eb43]
V  [jvm.dll+0x27dd06]
V  [jvm.dll+0x6cada5]
V  [jvm.dll+0x6bf27a]
V  [jvm.dll+0x3541fb]
V  [jvm.dll+0x35be36]
V  [jvm.dll+0x3adbc6]
V  [jvm.dll+0x3ade98]
V  [jvm.dll+0x32691c]
V  [jvm.dll+0x3269a7]
V  [jvm.dll+0x36c78c]
V  [jvm.dll+0x36af3e]
V  [jvm.dll+0x326071]
V  [jvm.dll+0x36a650]
V  [jvm.dll+0x8648c8]
V  [jvm.dll+0x865c44]
V  [jvm.dll+0x866180]
V  [jvm.dll+0x866413]
V  [jvm.dll+0x804418]
V  [jvm.dll+0x6cce0d]
C  [ucrtbase.dll+0x29333]
C  [KERNEL32.DLL+0x1259d]
C  [ntdll.dll+0x5af38]

VM_Operation (0x00000054246fca10): G1CollectForAllocation, mode: safepoint, requested by thread 0x000001d5cdb4b980


---------------  P R O C E S S  ---------------

Threads class SMR info:
_java_thread_list=0x000001d5e75a58d0, length=11, elements={
0x000001d5cdb4b980, 0x000001d5e70d7390, 0x000001d5e70d7c90, 0x000001d5e70de170,
0x000001d5e70d9830, 0x000001d5e70dbeb0, 0x000001d5e70dc520, 0x000001d5e70dcff0,
0x000001d5e7332c20, 0x000001d5e747e0f0, 0x000001d5e759b980
}

Java Threads: ( => current thread )
  0x000001d5cdb4b980 JavaThread "main"                              [_thread_blocked, id=15992, stack(0x0000005424600000,0x0000005424700000) (1024K)]
  0x000001d5e70d7390 JavaThread "Reference Handler"          daemon [_thread_blocked, id=7324, stack(0x0000005424e00000,0x0000005424f00000) (1024K)]
  0x000001d5e70d7c90 JavaThread "Finalizer"                  daemon [_thread_blocked, id=13688, stack(0x0000005424f00000,0x0000005425000000) (1024K)]
  0x000001d5e70de170 JavaThread "Signal Dispatcher"          daemon [_thread_blocked, id=11176, stack(0x0000005425000000,0x0000005425100000) (1024K)]
  0x000001d5e70d9830 JavaThread "Attach Listener"            daemon [_thread_blocked, id=112, stack(0x0000005425100000,0x0000005425200000) (1024K)]
  0x000001d5e70dbeb0 JavaThread "Service Thread"             daemon [_thread_blocked, id=2692, stack(0x0000005425200000,0x0000005425300000) (1024K)]
  0x000001d5e70dc520 JavaThread "Monitor Deflation Thread"   daemon [_thread_blocked, id=9168, stack(0x0000005425300000,0x0000005425400000) (1024K)]
  0x000001d5e70dcff0 JavaThread "C2 CompilerThread0"         daemon [_thread_blocked, id=1404, stack(0x0000005425400000,0x0000005425500000) (1024K)]
  0x000001d5e7332c20 JavaThread "C1 CompilerThread0"         daemon [_thread_blocked, id=4880, stack(0x0000005425500000,0x0000005425600000) (1024K)]
  0x000001d5e747e0f0 JavaThread "Common-Cleaner"             daemon [_thread_blocked, id=8080, stack(0x0000005425600000,0x0000005425700000) (1024K)]
  0x000001d5e759b980 JavaThread "Notification Thread"        daemon [_thread_blocked, id=12344, stack(0x0000005425700000,0x0000005425800000) (1024K)]
Total: 11

Other Threads:
=>0x000001d5e707fd30 VMThread "VM Thread"                           [id=15904, stack(0x0000005424d00000,0x0000005424e00000) (1024K)]
  0x000001d5e700da20 WatcherThread "VM Periodic Task Thread"        [id=12320, stack(0x0000005424c00000,0x0000005424d00000) (1024K)]
  0x000001d5cfdb9d60 WorkerThread "GC Thread#0"                     [id=320, stack(0x0000005424700000,0x0000005424800000) (1024K)]
  0x000001d5e7621570 WorkerThread "GC Thread#1"                     [id=16356, stack(0x0000005425800000,0x0000005425900000) (1024K)]
  0x000001d5e7628880 WorkerThread "GC Thread#2"                     [id=10456, stack(0x0000005425900000,0x0000005425a00000) (1024K)]
  0x000001d5e776d630 WorkerThread "GC Thread#3"                     [id=8104, stack(0x0000005425a00000,0x0000005425b00000) (1024K)]
  0x000001d5e7940b20 WorkerThread "GC Thread#4"                     [id=12188, stack(0x0000005425b00000,0x0000005425c00000) (1024K)]
  0x000001d5cfdc9fc0 ConcurrentGCThread "G1 Main Marker"            [id=12616, stack(0x0000005424800000,0x0000005424900000) (1024K)]
  0x000001d5cfdca6d0 WorkerThread "G1 Conc#0"                       [id=9272, stack(0x0000005424900000,0x0000005424a00000) (1024K)]
  0x000001d5cfdfc900 ConcurrentGCThread "G1 Refine#0"               [id=3600, stack(0x0000005424a00000,0x0000005424b00000) (1024K)]
  0x000001d5cfdfd080 ConcurrentGCThread "G1 Service"                [id=12060, stack(0x0000005424b00000,0x0000005424c00000) (1024K)]
Total: 11

Threads with active compile tasks:
Total: 0

VM state: at safepoint (normal execution)

VM Mutex/Monitor currently owned by a thread:  ([mutex/lock_event])
[0x00007ff8555272f8] Threads_lock - owner thread: 0x000001d5e707fd30
[0x00007ff8555273f8] Heap_lock - owner thread: 0x000001d5cdb4b980

Heap address: 0x000000008b800000, size: 1864 MB, Compressed Oops mode: 32-bit

CDS archive(s) not mapped
Compressed class space mapped at: 0x0000000100000000-0x0000000140000000, reserved size: 1073741824
Narrow klass base: 0x0000000000000000, Narrow klass shift: 3, Narrow klass range: 0x140000000

GC Precious Log:
 CardTable entry size: 512
 Card Set container configuration: InlinePtr #cards 5 size 8 Array Of Cards #cards 12 size 40 Howl #buckets 4 coarsen threshold 1843 Howl Bitmap #cards 512 size 80 coarsen threshold 460 Card regions per heap region 1 cards per card region 2048
 CPUs: 8 total, 8 available
 Memory: 7455M
 Large Page Support: Disabled
 NUMA Support: Disabled
 Compressed Oops: Enabled (32-bit)
 Heap Region Size: 1M
 Heap Min Capacity: 8M
 Heap Initial Capacity: 8M
 Heap Max Capacity: 1864M
 Pre-touch: Disabled
 Parallel Workers: 8
 Concurrent Workers: 2
 Concurrent Refinement Workers: 8
 Periodic GC: Disabled

Heap:
 garbage-first heap   total 8192K, used 1759K [0x000000008b800000, 0x0000000100000000)
  region size 1024K, 1 young (1024K), 1 survivors (1024K)
 Metaspace       used 10853K, committed 11072K, reserved 1114112K
  class space    used 1157K, committed 1280K, reserved 1048576K

Heap Regions: E=young(eden), S=young(survivor), O=old, HS=humongous(starts), HC=humongous(continues), CS=collection set, F=free, TAMS=top-at-mark-start, PB=parsable bottom
|   0|0x000000008b800000, 0x000000008b900000, 0x000000008b900000|100%| O|  |TAMS 0x000000008b800000| PB 0x000000008b800000| Untracked 
|   1|0x000000008b900000, 0x000000008b918240, 0x000000008ba00000|  9%| O|  |TAMS 0x000000008b900000| PB 0x000000008b900000| Untracked 
|   2|0x000000008ba00000, 0x000000008ba00000, 0x000000008bb00000|  0%| F|  |TAMS 0x000000008ba00000| PB 0x000000008ba00000| Untracked 
|   3|0x000000008bb00000, 0x000000008bb00000, 0x000000008bc00000|  0%| F|  |TAMS 0x000000008bb00000| PB 0x000000008bb00000| Untracked 
|   4|0x000000008bc00000, 0x000000008bc9fc60, 0x000000008bd00000| 62%| S|CS|TAMS 0x000000008bc00000| PB 0x000000008bc00000| Complete 
|   5|0x000000008bd00000, 0x000000008bd00000, 0x000000008be00000|  0%| F|  |TAMS 0x000000008bd00000| PB 0x000000008bd00000| Untracked 
|   6|0x000000008be00000, 0x000000008be00000, 0x000000008bf00000|  0%| F|  |TAMS 0x000000008be00000| PB 0x000000008be00000| Untracked 
|   7|0x000000008bf00000, 0x000000008bf00000, 0x000000008c000000|  0%| F|  |TAMS 0x000000008bf00000| PB 0x000000008bf00000| Untracked 

Card table byte_map: [0x000001d5e25a0000,0x000001d5e2950000] _byte_map_base: 0x000001d5e2144000

Marking Bits: (CMBitMap*) 0x000001d5cfdba460
 Bits: [0x000001d5e2950000, 0x000001d5e4670000)

Polling page: 0x000001d5cdc90000

Metaspace:

Usage:
  Non-class:      9.47 MB used.
      Class:      1.13 MB used.
       Both:     10.60 MB used.

Virtual space:
  Non-class space:       64.00 MB reserved,       9.56 MB ( 15%) committed,  1 nodes.
      Class space:        1.00 GB reserved,       1.25 MB ( <1%) committed,  1 nodes.
             Both:        1.06 GB reserved,      10.81 MB ( <1%) committed. 

Chunk freelists:
   Non-Class:  5.61 MB
       Class:  14.80 MB
        Both:  20.40 MB

MaxMetaspaceSize: unlimited
CompressedClassSpaceSize: 1.00 GB
Initial GC threshold: 21.00 MB
Current GC threshold: 21.00 MB
CDS: off
 - commit_granule_bytes: 65536.
 - commit_granule_words: 8192.
 - virtual_space_node_default_size: 8388608.
 - enlarge_chunks_in_place: 1.
 - use_allocation_guard: 0.


Internal statistics:

num_allocs_failed_limit: 0.
num_arena_births: 42.
num_arena_deaths: 0.
num_vsnodes_births: 2.
num_vsnodes_deaths: 0.
num_space_committed: 173.
num_space_uncommitted: 0.
num_chunks_returned_to_freelist: 0.
num_chunks_taken_from_freelist: 190.
num_chunk_merges: 0.
num_chunk_splits: 129.
num_chunks_enlarged: 94.
num_inconsistent_stats: 0.

CodeHeap 'non-profiled nmethods': size=120000Kb used=180Kb max_used=180Kb free=119819Kb
 bounds [0x000001d5da980000, 0x000001d5dabf0000, 0x000001d5e1eb0000]
CodeHeap 'profiled nmethods': size=120000Kb used=936Kb max_used=936Kb free=119064Kb
 bounds [0x000001d5d2eb0000, 0x000001d5d3120000, 0x000001d5da3e0000]
CodeHeap 'non-nmethods': size=5760Kb used=1276Kb max_used=1290Kb free=4483Kb
 bounds [0x000001d5da3e0000, 0x000001d5da650000, 0x000001d5da980000]
 total_blobs=1012 nmethods=602 adapters=315
 compilation: enabled
              stopped_count=0, restarted_count=0
 full_count=0

Compilation events (20 events):
Event: 0.430 Thread 0x000001d5e7332c20  592       3       java.lang.ClassLoader::defineClass (43 bytes)
Event: 0.430 Thread 0x000001d5e7332c20 nmethod 592 0x000001d5d2f93710 code [0x000001d5d2f93920, 0x000001d5d2f93e30]
Event: 0.430 Thread 0x000001d5e7332c20  593       3       java.lang.ClassLoader::preDefineClass (118 bytes)
Event: 0.431 Thread 0x000001d5e7332c20 nmethod 593 0x000001d5d2f94090 code [0x000001d5d2f94400, 0x000001d5d2f955a0]
Event: 0.431 Thread 0x000001d5e7332c20  594       3       java.lang.ClassLoader::checkCerts (121 bytes)
Event: 0.432 Thread 0x000001d5e7332c20 nmethod 594 0x000001d5d2f95d10 code [0x000001d5d2f96020, 0x000001d5d2f96dc8]
Event: 0.432 Thread 0x000001d5e7332c20  595       3       java.lang.ClassLoader::defineClassSourceLocation (28 bytes)
Event: 0.432 Thread 0x000001d5e7332c20 nmethod 595 0x000001d5d2f97390 code [0x000001d5d2f97560, 0x000001d5d2f978d8]
Event: 0.432 Thread 0x000001d5e7332c20  596       3       java.net.URL::toString (5 bytes)
Event: 0.432 Thread 0x000001d5e7332c20 nmethod 596 0x000001d5d2f97a90 code [0x000001d5d2f97c40, 0x000001d5d2f97e70]
Event: 0.432 Thread 0x000001d5e7332c20  597   !   3       java.lang.ClassLoader::addClass (27 bytes)
Event: 0.433 Thread 0x000001d5e7332c20 nmethod 597 0x000001d5d2f97f90 code [0x000001d5d2f98180, 0x000001d5d2f98720]
Event: 0.433 Thread 0x000001d5e7332c20  600       3       jdk.internal.org.objectweb.asm.SymbolTable::addConstantMemberReference (147 bytes)
Event: 0.433 Thread 0x000001d5e7332c20 nmethod 600 0x000001d5d2f98a90 code [0x000001d5d2f98d20, 0x000001d5d2f995d8]
Event: 0.433 Thread 0x000001d5e7332c20  599       3       jdk.internal.org.objectweb.asm.ByteVector::<init> (13 bytes)
Event: 0.433 Thread 0x000001d5e7332c20 nmethod 599 0x000001d5d2f99b10 code [0x000001d5d2f99cc0, 0x000001d5d2f99f20]
Event: 0.434 Thread 0x000001d5e7332c20  601       1       java.lang.reflect.Method::getName (5 bytes)
Event: 0.434 Thread 0x000001d5e7332c20 nmethod 601 0x000001d5da9acb90 code [0x000001d5da9acd20, 0x000001d5da9acde8]
Event: 0.438 Thread 0x000001d5e7332c20  602       1       jdk.internal.util.ClassFileDumper::isEnabled (5 bytes)
Event: 0.438 Thread 0x000001d5e7332c20 nmethod 602 0x000001d5da9ace90 code [0x000001d5da9ad020, 0x000001d5da9ad0f0]

GC Heap History (9 events):
Event: 0.187 GC heap before
{Heap before GC invocations=0 (full 0):
 garbage-first heap   total 8192K, used 2048K [0x000000008b800000, 0x0000000100000000)
  region size 1024K, 3 young (3072K), 0 survivors (0K)
 Metaspace       used 6928K, committed 7104K, reserved 1114112K
  class space    used 644K, committed 768K, reserved 1048576K
}
Event: 0.189 GC heap after
{Heap after GC invocations=1 (full 0):
 garbage-first heap   total 8192K, used 928K [0x000000008b800000, 0x0000000100000000)
  region size 1024K, 1 young (1024K), 1 survivors (1024K)
 Metaspace       used 6928K, committed 7104K, reserved 1114112K
  class space    used 644K, committed 768K, reserved 1048576K
}
Event: 0.247 GC heap before
{Heap before GC invocations=1 (full 0):
 garbage-first heap   total 8192K, used 2976K [0x000000008b800000, 0x0000000100000000)
  region size 1024K, 3 young (3072K), 1 survivors (1024K)
 Metaspace       used 7910K, committed 8064K, reserved 1114112K
  class space    used 752K, committed 832K, reserved 1048576K
}
Event: 0.249 GC heap after
{Heap after GC invocations=2 (full 0):
 garbage-first heap   total 8192K, used 1048K [0x000000008b800000, 0x0000000100000000)
  region size 1024K, 1 young (1024K), 1 survivors (1024K)
 Metaspace       used 7910K, committed 8064K, reserved 1114112K
  class space    used 752K, committed 832K, reserved 1048576K
}
Event: 0.324 GC heap before
{Heap before GC invocations=2 (full 0):
 garbage-first heap   total 8192K, used 3096K [0x000000008b800000, 0x0000000100000000)
  region size 1024K, 3 young (3072K), 1 survivors (1024K)
 Metaspace       used 9087K, committed 9280K, reserved 1114112K
  class space    used 894K, committed 1024K, reserved 1048576K
}
Event: 0.325 GC heap after
{Heap after GC invocations=3 (full 0):
 garbage-first heap   total 8192K, used 1130K [0x000000008b800000, 0x0000000100000000)
  region size 1024K, 1 young (1024K), 1 survivors (1024K)
 Metaspace       used 9087K, committed 9280K, reserved 1114112K
  class space    used 894K, committed 1024K, reserved 1048576K
}
Event: 0.381 GC heap before
{Heap before GC invocations=3 (full 0):
 garbage-first heap   total 8192K, used 3178K [0x000000008b800000, 0x0000000100000000)
  region size 1024K, 4 young (4096K), 1 survivors (1024K)
 Metaspace       used 9972K, committed 10176K, reserved 1114112K
  class space    used 1037K, committed 1152K, reserved 1048576K
}
Event: 0.383 GC heap after
{Heap after GC invocations=4 (full 0):
 garbage-first heap   total 8192K, used 1547K [0x000000008b800000, 0x0000000100000000)
  region size 1024K, 1 young (1024K), 1 survivors (1024K)
 Metaspace       used 9972K, committed 10176K, reserved 1114112K
  class space    used 1037K, committed 1152K, reserved 1048576K
}
Event: 0.441 GC heap before
{Heap before GC invocations=4 (full 0):
 garbage-first heap   total 8192K, used 3595K [0x000000008b800000, 0x0000000100000000)
  region size 1024K, 4 young (4096K), 1 survivors (1024K)
 Metaspace       used 10853K, committed 11072K, reserved 1114112K
  class space    used 1157K, committed 1280K, reserved 1048576K
}

Dll operation events (2 events):
Event: 0.007 Loaded shared library C:\Program Files\Android\Android Studio\jbr\bin\java.dll
Event: 0.011 Loaded shared library C:\Program Files\Android\Android Studio\jbr\bin\zip.dll

Deoptimization events (20 events):
Event: 0.240 Thread 0x000001d5cdb4b980 Uncommon trap: trap_request=0xffffffc6 fr.pc=0x000001d5da98c948 relative=0x0000000000000b08
Event: 0.240 Thread 0x000001d5cdb4b980 Uncommon trap: reason=bimorphic_or_optimized_type_check action=maybe_recompile pc=0x000001d5da98c948 method=java.util.HashMap.putVal(ILjava/lang/Object;Ljava/lang/Object;ZZ)Ljava/lang/Object; @ 56 c2
Event: 0.240 Thread 0x000001d5cdb4b980 DEOPT PACKING pc=0x000001d5da98c948 sp=0x00000054246fdf10
Event: 0.240 Thread 0x000001d5cdb4b980 DEOPT UNPACKING pc=0x000001d5da4346a2 sp=0x00000054246fdea8 mode 2
Event: 0.240 Thread 0x000001d5cdb4b980 Uncommon trap: trap_request=0xffffffc6 fr.pc=0x000001d5da98c948 relative=0x0000000000000b08
Event: 0.240 Thread 0x000001d5cdb4b980 Uncommon trap: reason=bimorphic_or_optimized_type_check action=maybe_recompile pc=0x000001d5da98c948 method=java.util.HashMap.putVal(ILjava/lang/Object;Ljava/lang/Object;ZZ)Ljava/lang/Object; @ 56 c2
Event: 0.240 Thread 0x000001d5cdb4b980 DEOPT PACKING pc=0x000001d5da98c948 sp=0x00000054246fdf10
Event: 0.240 Thread 0x000001d5cdb4b980 DEOPT UNPACKING pc=0x000001d5da4346a2 sp=0x00000054246fdea8 mode 2
Event: 0.240 Thread 0x000001d5cdb4b980 Uncommon trap: trap_request=0xffffffc6 fr.pc=0x000001d5da98c948 relative=0x0000000000000b08
Event: 0.240 Thread 0x000001d5cdb4b980 Uncommon trap: reason=bimorphic_or_optimized_type_check action=maybe_recompile pc=0x000001d5da98c948 method=java.util.HashMap.putVal(ILjava/lang/Object;Ljava/lang/Object;ZZ)Ljava/lang/Object; @ 56 c2
Event: 0.240 Thread 0x000001d5cdb4b980 DEOPT PACKING pc=0x000001d5da98c948 sp=0x00000054246fdf10
Event: 0.240 Thread 0x000001d5cdb4b980 DEOPT UNPACKING pc=0x000001d5da4346a2 sp=0x00000054246fdea8 mode 2
Event: 0.240 Thread 0x000001d5cdb4b980 Uncommon trap: trap_request=0xffffffc6 fr.pc=0x000001d5da98c948 relative=0x0000000000000b08
Event: 0.240 Thread 0x000001d5cdb4b980 Uncommon trap: reason=bimorphic_or_optimized_type_check action=maybe_recompile pc=0x000001d5da98c948 method=java.util.HashMap.putVal(ILjava/lang/Object;Ljava/lang/Object;ZZ)Ljava/lang/Object; @ 56 c2
Event: 0.240 Thread 0x000001d5cdb4b980 DEOPT PACKING pc=0x000001d5da98c948 sp=0x00000054246fdf10
Event: 0.240 Thread 0x000001d5cdb4b980 DEOPT UNPACKING pc=0x000001d5da4346a2 sp=0x00000054246fdea8 mode 2
Event: 0.337 Thread 0x000001d5cdb4b980 DEOPT PACKING pc=0x000001d5d2ee16f8 sp=0x00000054246fa690
Event: 0.337 Thread 0x000001d5cdb4b980 DEOPT UNPACKING pc=0x000001d5da434e42 sp=0x00000054246f9ab0 mode 0
Event: 0.352 Thread 0x000001d5cdb4b980 DEOPT PACKING pc=0x000001d5d2ee0658 sp=0x00000054246fa660
Event: 0.352 Thread 0x000001d5cdb4b980 DEOPT UNPACKING pc=0x000001d5da434e42 sp=0x00000054246f9ac8 mode 0

Classes loaded (20 events):
Event: 0.316 Loading class java/lang/invoke/MethodHandles$1
Event: 0.316 Loading class java/lang/invoke/MethodHandles$1 done
Event: 0.317 Loading class java/lang/invoke/BoundMethodHandle$Species_LJ
Event: 0.317 Loading class java/lang/invoke/BoundMethodHandle$Species_LJ done
Event: 0.318 Loading class java/lang/invoke/BoundMethodHandle$Species_LLLL
Event: 0.318 Loading class java/lang/invoke/BoundMethodHandle$Species_LLLL done
Event: 0.329 Loading class java/io/StringWriter
Event: 0.329 Loading class java/io/StringWriter done
Event: 0.330 Loading class java/util/regex/Pattern$Curly
Event: 0.330 Loading class java/util/regex/Pattern$Curly done
Event: 0.330 Loading class java/util/regex/Pattern$Ques
Event: 0.330 Loading class java/util/regex/Pattern$Ques done
Event: 0.330 Loading class java/util/regex/Pattern$GroupCurly
Event: 0.330 Loading class java/util/regex/Pattern$GroupCurly done
Event: 0.368 Loading class java/nio/file/ReadOnlyFileSystemException
Event: 0.368 Loading class java/nio/file/ReadOnlyFileSystemException done
Event: 0.385 Loading class java/nio/file/ClosedFileSystemException
Event: 0.385 Loading class java/nio/file/ClosedFileSystemException done
Event: 0.385 Loading class java/lang/ArrayIndexOutOfBoundsException
Event: 0.385 Loading class java/lang/ArrayIndexOutOfBoundsException done

Classes unloaded (0 events):
No events

Classes redefined (0 events):
No events

Internal exceptions (7 events):
Event: 0.236 Thread 0x000001d5cdb4b980 Exception <a 'java/lang/NoSuchMethodError'{0x000000008beb52d8}: 'void java.lang.invoke.DirectMethodHandle$Holder.invokeSpecial(java.lang.Object, java.lang.Object, java.lang.Object)'> (0x000000008beb52d8) 
thrown [s\src\hotspot\share\interpreter\linkResolver.cpp, line 784]
Event: 0.288 Thread 0x000001d5cdb4b980 Exception <a 'java/lang/NoSuchMethodError'{0x000000008be21e58}: 'java.lang.Object java.lang.invoke.DirectMethodHandle$Holder.invokeVirtual(java.lang.Object, java.lang.Object, java.lang.Object)'> (0x000000008be21e58) 
thrown [s\src\hotspot\share\interpreter\linkResolver.cpp, line 784]
Event: 0.290 Thread 0x000001d5cdb4b980 Exception <a 'java/lang/NoSuchMethodError'{0x000000008be2c7b0}: 'int java.lang.invoke.DirectMethodHandle$Holder.invokeInterface(java.lang.Object, java.lang.Object)'> (0x000000008be2c7b0) 
thrown [s\src\hotspot\share\interpreter\linkResolver.cpp, line 784]
Event: 0.305 Thread 0x000001d5cdb4b980 Exception <a 'sun/nio/fs/WindowsException'{0x000000008be8c8e8}> (0x000000008be8c8e8) 
thrown [s\src\hotspot\share\prims\jni.cpp, line 535]
Event: 0.306 Thread 0x000001d5cdb4b980 Exception <a 'java/lang/NoSuchMethodError'{0x000000008be92fb0}: 'int java.lang.invoke.DirectMethodHandle$Holder.invokeVirtual(java.lang.Object, java.lang.Object, java.lang.Object)'> (0x000000008be92fb0) 
thrown [s\src\hotspot\share\interpreter\linkResolver.cpp, line 784]
Event: 0.307 Thread 0x000001d5cdb4b980 Exception <a 'java/lang/NoSuchMethodError'{0x000000008be98e28}: 'void java.lang.invoke.DirectMethodHandle$Holder.invokeInterface(java.lang.Object, java.lang.Object, java.lang.Object)'> (0x000000008be98e28) 
thrown [s\src\hotspot\share\interpreter\linkResolver.cpp, line 784]
Event: 0.438 Thread 0x000001d5cdb4b980 Exception <a 'java/lang/NoSuchMethodError'{0x000000008bd95358}: 'int java.lang.invoke.DirectMethodHandle$Holder.invokeStaticInit(java.lang.Object, java.lang.Object)'> (0x000000008bd95358) 
thrown [s\src\hotspot\share\interpreter\linkResolver.cpp, line 784]

ZGC Phase Switch (0 events):
No events

VM Operations (17 events):
Event: 0.113 Executing VM operation: HandshakeAllThreads (Deoptimize)
Event: 0.113 Executing VM operation: HandshakeAllThreads (Deoptimize) done
Event: 0.187 Executing VM operation: G1CollectForAllocation (G1 Evacuation Pause)
Event: 0.189 Executing VM operation: G1CollectForAllocation (G1 Evacuation Pause) done
Event: 0.240 Executing VM operation: HandshakeAllThreads (Deoptimize)
Event: 0.240 Executing VM operation: HandshakeAllThreads (Deoptimize) done
Event: 0.247 Executing VM operation: G1CollectForAllocation (G1 Evacuation Pause)
Event: 0.249 Executing VM operation: G1CollectForAllocation (G1 Evacuation Pause) done
Event: 0.260 Executing VM operation: HandshakeAllThreads (Deoptimize)
Event: 0.260 Executing VM operation: HandshakeAllThreads (Deoptimize) done
Event: 0.294 Executing VM operation: HandshakeAllThreads (Deoptimize)
Event: 0.294 Executing VM operation: HandshakeAllThreads (Deoptimize) done
Event: 0.324 Executing VM operation: G1CollectForAllocation (G1 Evacuation Pause)
Event: 0.325 Executing VM operation: G1CollectForAllocation (G1 Evacuation Pause) done
Event: 0.381 Executing VM operation: G1CollectForAllocation (G1 Evacuation Pause)
Event: 0.383 Executing VM operation: G1CollectForAllocation (G1 Evacuation Pause) done
Event: 0.441 Executing VM operation: G1CollectForAllocation (G1 Evacuation Pause)

Memory protections (0 events):
No events

Nmethod flushes (0 events):
No events

Events (15 events):
Event: 0.011 Thread 0x000001d5cdb4b980 Thread added: 0x000001d5cdb4b980
Event: 0.053 Thread 0x000001d5cdb4b980 Thread added: 0x000001d5e70d7390
Event: 0.053 Thread 0x000001d5cdb4b980 Thread added: 0x000001d5e70d7c90
Event: 0.054 Thread 0x000001d5cdb4b980 Thread added: 0x000001d5e70de170
Event: 0.055 Thread 0x000001d5cdb4b980 Thread added: 0x000001d5e70d9830
Event: 0.055 Thread 0x000001d5cdb4b980 Thread added: 0x000001d5e70dbeb0
Event: 0.055 Thread 0x000001d5cdb4b980 Thread added: 0x000001d5e70dc520
Event: 0.055 Thread 0x000001d5cdb4b980 Thread added: 0x000001d5e70dcff0
Event: 0.055 Thread 0x000001d5cdb4b980 Thread added: 0x000001d5e7332c20
Event: 0.097 Thread 0x000001d5cdb4b980 Thread added: 0x000001d5e747e0f0
Event: 0.125 Thread 0x000001d5cdb4b980 Thread added: 0x000001d5e759b980
Event: 0.131 Loaded shared library C:\Program Files\Android\Android Studio\jbr\bin\jimage.dll
Event: 0.137 Loaded shared library C:\Program Files\Android\Android Studio\jbr\bin\zip.dll
Event: 0.266 Loaded shared library C:\Program Files\Android\Android Studio\jbr\bin\net.dll
Event: 0.268 Loaded shared library C:\Program Files\Android\Android Studio\jbr\bin\nio.dll


Dynamic libraries:
0x00007ff6ace20000 - 0x00007ff6ace28000 	C:\Program Files\Android\Android Studio\jbr\bin\javac.exe
0x00007ff897d70000 - 0x00007ff897f87000 	C:\Windows\SYSTEM32\ntdll.dll
0x00007ff896d30000 - 0x00007ff896df4000 	C:\Windows\System32\KERNEL32.DLL
0x00007ff8952a0000 - 0x00007ff895670000 	C:\Windows\System32\KERNELBASE.dll
0x00007ff895180000 - 0x00007ff895291000 	C:\Windows\System32\ucrtbase.dll
0x00007ff890320000 - 0x00007ff890338000 	C:\Program Files\Android\Android Studio\jbr\bin\jli.dll
0x00007ff877860000 - 0x00007ff87787b000 	C:\Program Files\Android\Android Studio\jbr\bin\VCRUNTIME140.dll
0x00007ff897af0000 - 0x00007ff897c9e000 	C:\Windows\System32\USER32.dll
0x00007ff8957a0000 - 0x00007ff8957c6000 	C:\Windows\System32\win32u.dll
0x00007ff896a50000 - 0x00007ff896a79000 	C:\Windows\System32\GDI32.dll
0x00007ff883ad0000 - 0x00007ff883d62000 	C:\Windows\WinSxS\amd64_microsoft.windows.common-controls_6595b64144ccf1df_6.0.22621.4830_none_270fe7d773858e80\COMCTL32.dll
0x00007ff8957d0000 - 0x00007ff8958eb000 	C:\Windows\System32\gdi32full.dll
0x00007ff897060000 - 0x00007ff897107000 	C:\Windows\System32\msvcrt.dll
0x00007ff895020000 - 0x00007ff8950ba000 	C:\Windows\System32\msvcp_win.dll
0x00007ff895a60000 - 0x00007ff895a91000 	C:\Windows\System32\IMM32.DLL
0x00007ff88fb20000 - 0x00007ff88fb2c000 	C:\Program Files\Android\Android Studio\jbr\bin\vcruntime140_1.dll
0x00007ff889e30000 - 0x00007ff889ebd000 	C:\Program Files\Android\Android Studio\jbr\bin\msvcp140.dll
0x00007ff854980000 - 0x00007ff855603000 	C:\Program Files\Android\Android Studio\jbr\bin\server\jvm.dll
0x00007ff896ab0000 - 0x00007ff896b61000 	C:\Windows\System32\ADVAPI32.dll
0x00007ff8965b0000 - 0x00007ff896657000 	C:\Windows\System32\sechost.dll
0x00007ff895770000 - 0x00007ff895798000 	C:\Windows\System32\bcrypt.dll
0x00007ff896660000 - 0x00007ff896774000 	C:\Windows\System32\RPCRT4.dll
0x00007ff896090000 - 0x00007ff896101000 	C:\Windows\System32\WS2_32.dll
0x00007ff88f810000 - 0x00007ff88f844000 	C:\Windows\SYSTEM32\WINMM.dll
0x00007ff894ef0000 - 0x00007ff894f3d000 	C:\Windows\SYSTEM32\POWRPROF.dll
0x00007ff88bfd0000 - 0x00007ff88bfda000 	C:\Windows\SYSTEM32\VERSION.dll
0x00007ff894ed0000 - 0x00007ff894ee3000 	C:\Windows\SYSTEM32\UMPDC.dll
0x00007ff894060000 - 0x00007ff894078000 	C:\Windows\SYSTEM32\kernel.appcore.dll
0x00007ff8835e0000 - 0x00007ff8835ea000 	C:\Program Files\Android\Android Studio\jbr\bin\jimage.dll
0x00007ff88de50000 - 0x00007ff88e082000 	C:\Windows\SYSTEM32\DBGHELP.DLL
0x00007ff896110000 - 0x00007ff8964a0000 	C:\Windows\System32\combase.dll
0x00007ff897a10000 - 0x00007ff897ae7000 	C:\Windows\System32\OLEAUT32.dll
0x00007ff87ed40000 - 0x00007ff87ed72000 	C:\Windows\SYSTEM32\dbgcore.DLL
0x00007ff8956f0000 - 0x00007ff89576b000 	C:\Windows\System32\bcryptPrimitives.dll
0x00007ff874570000 - 0x00007ff874590000 	C:\Program Files\Android\Android Studio\jbr\bin\java.dll
0x00007ff874550000 - 0x00007ff874568000 	C:\Program Files\Android\Android Studio\jbr\bin\zip.dll
0x00007ff897170000 - 0x00007ff8979e8000 	C:\Windows\System32\SHELL32.dll
0x00007ff892f30000 - 0x00007ff893840000 	C:\Windows\SYSTEM32\windows.storage.dll
0x00007ff892df0000 - 0x00007ff892f2f000 	C:\Windows\SYSTEM32\wintypes.dll
0x00007ff8964a0000 - 0x00007ff8965aa000 	C:\Windows\System32\SHCORE.dll
0x00007ff8969f0000 - 0x00007ff896a4e000 	C:\Windows\System32\shlwapi.dll
0x00007ff894f50000 - 0x00007ff894f7b000 	C:\Windows\SYSTEM32\profapi.dll
0x00007ff8825d0000 - 0x00007ff8825e0000 	C:\Program Files\Android\Android Studio\jbr\bin\net.dll
0x00007ff890db0000 - 0x00007ff890edc000 	C:\Windows\SYSTEM32\WINHTTP.dll
0x00007ff8944e0000 - 0x00007ff894549000 	C:\Windows\system32\mswsock.dll
0x00007ff871890000 - 0x00007ff8718a6000 	C:\Program Files\Android\Android Studio\jbr\bin\nio.dll

dbghelp: loaded successfully - version: 4.0.5 - missing functions: none
symbol engine: initialized successfully - sym options: 0x614 - pdb path: .;C:\Program Files\Android\Android Studio\jbr\bin;C:\Windows\SYSTEM32;C:\Windows\WinSxS\amd64_microsoft.windows.common-controls_6595b64144ccf1df_6.0.22621.4830_none_270fe7d773858e80;C:\Program Files\Android\Android Studio\jbr\bin\server

VM Arguments:
jvm_args: -Dapplication.home=C:\Program Files\Android\Android Studio\jbr --add-modules=ALL-DEFAULT -Xms8m -Djdk.module.main=jdk.compiler 
java_command: jdk.compiler/com.sun.tools.javac.Main --system=none --patch-module=java.base=C:\Users\ASUS\AppData\Local\Android\Sdk\platforms\android-35\core-for-system-modules.jar -d C:\Users\ASUS\Downloads\gradle-8.10.2-bin\gradle-8.10.2\caches\8.10.2\transforms\c9ab309d9fbcfe30ec65a707881cfcb9-02b35415-dd33-48bc-9bae-ee5e90e8167b\transformed\output\temp C:\Users\ASUS\Downloads\gradle-8.10.2-bin\gradle-8.10.2\caches\8.10.2\transforms\c9ab309d9fbcfe30ec65a707881cfcb9-02b35415-dd33-48bc-9bae-ee5e90e8167b\transformed\output\temp\module-info.java
java_class_path (initial): <not set>
Launcher Type: SUN_STANDARD

[Global flags]
     intx CICompilerCount                          = 4                                         {product} {ergonomic}
     uint ConcGCThreads                            = 2                                         {product} {ergonomic}
     uint G1ConcRefinementThreads                  = 8                                         {product} {ergonomic}
   size_t G1HeapRegionSize                         = 1048576                                   {product} {ergonomic}
    uintx GCDrainStackTargetSize                   = 64                                        {product} {ergonomic}
   size_t InitialHeapSize                          = 8388608                                   {product} {command line}
   size_t MarkStackSize                            = 4194304                                   {product} {ergonomic}
   size_t MaxHeapSize                              = 1954545664                                {product} {ergonomic}
   size_t MaxNewSize                               = 1172307968                                {product} {ergonomic}
   size_t MinHeapDeltaBytes                        = 1048576                                   {product} {ergonomic}
   size_t MinHeapSize                              = 8388608                                   {product} {command line}
    uintx NonNMethodCodeHeapSize                   = 5839372                                {pd product} {ergonomic}
    uintx NonProfiledCodeHeapSize                  = 122909434                              {pd product} {ergonomic}
    uintx ProfiledCodeHeapSize                     = 122909434                              {pd product} {ergonomic}
    uintx ReservedCodeCacheSize                    = 251658240                              {pd product} {ergonomic}
     bool SegmentedCodeCache                       = true                                      {product} {ergonomic}
   size_t SoftMaxHeapSize                          = 1954545664                             {manageable} {ergonomic}
     bool UseCompressedOops                        = true                           {product lp64_product} {ergonomic}
     bool UseG1GC                                  = true                                      {product} {ergonomic}
     bool UseLargePagesIndividualAllocation        = false                                  {pd product} {ergonomic}

Logging:
Log output configuration:
 #0: stdout all=warning uptime,level,tags foldmultilines=false
 #1: stderr all=off uptime,level,tags foldmultilines=false

Environment Variables:
PATH=C:\Program Files\Common Files\Oracle\Java\javapath;C:\Windows\system32;C:\Windows;C:\Windows\System32\Wbem;C:\Windows\System32\WindowsPowerShell\v1.0\;C:\Windows\System32\OpenSSH\;C:\Program Files\Git\cmd;C:\Program Files\nodejs\;C:\Users\ASUS\AppData\Local\Microsoft\WindowsApps;C:\Users\ASUS\Downloads\PyCharm Community Edition 2023.3.2\bin;;C:\Users\ASUS\AppData\Local\Programs\Microsoft VS Code\bin;C:\Users\ASUS\Downloads\kotlin-compiler-2.0.21.zip\kotlinc\bin;C:\Users\ASUS\AppData\Roaming\npm
USERNAME=ASUS
OS=Windows_NT
PROCESSOR_IDENTIFIER=AMD64 Family 23 Model 160 Stepping 0, AuthenticAMD
TMP=C:\Users\ASUS\AppData\Local\Temp
TEMP=C:\Users\ASUS\AppData\Local\Temp




Periodic native trim disabled

JNI global refs:
JNI global refs: 8, weak refs: 0

JNI global refs memory usage: 835, weak refs: 201

Process memory usage:
Resident Set Size: 51816K (0% of 7634556K total physical memory with 650696K free physical memory)

OOME stack traces (most recent first):
Classloader memory used:
Loader bootstrap                                                                       : 7814K
Loader jdk.internal.loader.ClassLoaders$AppClassLoader                                 : 2842K
Loader jdk.internal.loader.ClassLoaders$PlatformClassLoader                            : 196K

---------------  S Y S T E M  ---------------

OS:
 Windows 11 , 64 bit Build 22621 (10.0.22621.4830)
OS uptime: 1 days 22:07 hours
Hyper-V role detected

CPU: total 8 (initial active 8) (8 cores per cpu, 2 threads per core) family 23 model 160 stepping 0 microcode 0x0, cx8, cmov, fxsr, ht, mmx, 3dnowpref, sse, sse2, sse3, ssse3, sse4a, sse4.1, sse4.2, popcnt, lzcnt, tsc, tscinvbit, avx, avx2, aes, clmul, bmi1, bmi2, adx, sha, fma, vzeroupper, clflush, clflushopt, hv, rdtscp, rdpid, f16c
Processor Information for all 8 processors :
  Max Mhz: 2401, Current Mhz: 2401, Mhz Limit: 2401

Memory: 4k page, system-wide physical 7455M (635M free)
TotalPageFile size 20267M (AvailPageFile size 4M)
current process WorkingSet (physical memory assigned to process): 50M, peak: 50M
current process commit charge ("private bytes"): 89M, peak: 92M

vm_info: OpenJDK 64-Bit Server VM (21.0.4+-12508038-b607.1) for windows-amd64 JRE (21.0.4+-12508038-b607.1), built on 2024-10-16T17:23:34Z by "builder" with MS VC++ 16.10 / 16.11 (VS2019)

END.
